1735308070: Client connected
1735308070: Received message: {"symbol":"BTC-PERPETUAL"}
1735308074: Order book update sent for BTC-PERPETUAL
1735308076: Order book update sent for BTC-PERPETUAL
1735308078: Order book update sent for BTC-PERPETUAL
1735308079: Order book update sent for BTC-PERPETUAL
1735308081: Order book update sent for BTC-PERPETUAL
1735308082: Order book update sent for BTC-PERPETUAL
1735308084: Order book update sent for BTC-PERPETUAL
1735308086: Order book update sent for BTC-PERPETUAL
1735308087: Order book update sent for BTC-PERPETUAL
1735308089: Order book update sent for BTC-PERPETUAL
1735308090: Order book update sent for BTC-PERPETUAL
1735308092: Order book update sent for BTC-PERPETUAL
1735308094: Order book update sent for BTC-PERPETUAL
1735308095: Order book update sent for BTC-PERPETUAL
1735308097: Order book update sent for BTC-PERPETUAL
1735308098: Order book update sent for BTC-PERPETUAL
1735308100: Order book update sent for BTC-PERPETUAL
1735308104: Order book update sent for BTC-PERPETUAL
1735308105: Order book update sent for BTC-PERPETUAL
1735308107: Order book update sent for BTC-PERPETUAL
1735308108: Order book update sent for BTC-PERPETUAL
1735308177: Client connected
1735308177: Received message: {"symbol":"BTC-PERPETUAL"}
1735308177: Order book update sent for BTC-PERPETUAL
1735308371: Client connected
1735308371: Received message: {"symbol":"BTC-PERPETUAL"}
1735308373: Order book update sent for BTC-PERPETUAL
1735308375: Order book update sent for BTC-PERPETUAL
1735308377: Order book update sent for BTC-PERPETUAL
1735308378: Order book update sent for BTC-PERPETUAL
1735308380: Order book update sent for BTC-PERPETUAL
1735308382: Order book update sent for BTC-PERPETUAL
1735308384: Order book update sent for BTC-PERPETUAL
1735308386: Order book update sent for BTC-PERPETUAL
1735308388: Order book update sent for BTC-PERPETUAL
1735308389: Order book update sent for BTC-PERPETUAL
1735308391: Order book update sent for BTC-PERPETUAL
1735308392: Order book update sent for BTC-PERPETUAL
1735308394: Order book update sent for BTC-PERPETUAL
1735308396: Order book update sent for BTC-PERPETUAL
1735308397: Order book update sent for BTC-PERPETUAL
1735308399: Order book update sent for BTC-PERPETUAL
1735308401: Order book update sent for BTC-PERPETUAL
1735308403: Order book update sent for BTC-PERPETUAL
1735308404: Order book update sent for BTC-PERPETUAL
1735309046: Client connected
1735309046: Received message: {"client_send_time":1735309046376,"symbol":"BTC-PERPETUAL"}
1735309046: WebSocket Message Propagation Delay: 1 ms
1735309050: Order book update sent for BTC-PERPETUAL
1735309052: Order book update sent for BTC-PERPETUAL
1735309053: Order book update sent for BTC-PERPETUAL
1735309055: Order book update sent for BTC-PERPETUAL
1735309056: Order book update sent for BTC-PERPETUAL
1735309058: Order book update sent for BTC-PERPETUAL
1735309059: Order book update sent for BTC-PERPETUAL
1735309061: Order book update sent for BTC-PERPETUAL
1735309063: Order book update sent for BTC-PERPETUAL
1735309064: Order book update sent for BTC-PERPETUAL
1735309066: Order book update sent for BTC-PERPETUAL
1735309068: Order book update sent for BTC-PERPETUAL
1735309069: Order book update sent for BTC-PERPETUAL
1735309071: Order book update sent for BTC-PERPETUAL
1735309072: Order book update sent for BTC-PERPETUAL
1735309074: Order book update sent for BTC-PERPETUAL
1735309075: Order book update sent for BTC-PERPETUAL
1735309077: Order book update sent for BTC-PERPETUAL
1735309080: Order book update sent for BTC-PERPETUAL
1735309082: Order book update sent for BTC-PERPETUAL
1735309083: Order book update sent for BTC-PERPETUAL
1735309085: Order book update sent for BTC-PERPETUAL
1735309086: Order book update sent for BTC-PERPETUAL
1735309088: Order book update sent for BTC-PERPETUAL
1735309090: Order book update sent for BTC-PERPETUAL
1735309091: Order book update sent for BTC-PERPETUAL
1735309093: Order book update sent for BTC-PERPETUAL
1735309094: Order book update sent for BTC-PERPETUAL
1735309096: Order book update sent for BTC-PERPETUAL
1735309098: Order book update sent for BTC-PERPETUAL
1735309099: Order book update sent for BTC-PERPETUAL
1735309101: Order book update sent for BTC-PERPETUAL
1735309102: Order book update sent for BTC-PERPETUAL
1735309104: Order book update sent for BTC-PERPETUAL
1735309106: Order book update sent for BTC-PERPETUAL
1735309107: Order book update sent for BTC-PERPETUAL
1735309109: Order book update sent for BTC-PERPETUAL
1735309111: Order book update sent for BTC-PERPETUAL
1735309112: Order book update sent for BTC-PERPETUAL
1735309114: Order book update sent for BTC-PERPETUAL
1735309115: Order book update sent for BTC-PERPETUAL
1735309117: Order book update sent for BTC-PERPETUAL
1735309119: Order book update sent for BTC-PERPETUAL
1735309121: Order book update sent for BTC-PERPETUAL
1735309122: Order book update sent for BTC-PERPETUAL
1735309124: Order book update sent for BTC-PERPETUAL
1735309125: Order book update sent for BTC-PERPETUAL
1735309128: Order book update sent for BTC-PERPETUAL
1735309129: Order book update sent for BTC-PERPETUAL
1735309131: Order book update sent for BTC-PERPETUAL
1735309133: Order book update sent for BTC-PERPETUAL
1735309134: Order book update sent for BTC-PERPETUAL
1735309136: Order book update sent for BTC-PERPETUAL
1735309138: Order book update sent for BTC-PERPETUAL
1735309139: Order book update sent for BTC-PERPETUAL
1735309142: Order book update sent for BTC-PERPETUAL
1735309143: Order book update sent for BTC-PERPETUAL
1735309145: Order book update sent for BTC-PERPETUAL
1735309147: Order book update sent for BTC-PERPETUAL
1735309148: Order book update sent for BTC-PERPETUAL
1735309150: Order book update sent for BTC-PERPETUAL
1735309151: Order book update sent for BTC-PERPETUAL
1735309153: Order book update sent for BTC-PERPETUAL
1735309155: Order book update sent for BTC-PERPETUAL
1735309157: Order book update sent for BTC-PERPETUAL
1735309158: Order book update sent for BTC-PERPETUAL
1735309160: Order book update sent for BTC-PERPETUAL
1735309161: Order book update sent for BTC-PERPETUAL
1735309163: Order book update sent for BTC-PERPETUAL
1735309166: Order book update sent for BTC-PERPETUAL
